=== Python version === 
Python 3.14.5
 
=== pip install yfinance pandas requests === 
Requirement already satisfied: yfinance in C:\Users\dhruv\AppData\Local\Programs\Python\Python314\Lib\site-packages (1.3.0)
Requirement already satisfied: pandas in C:\Users\dhruv\AppData\Local\Programs\Python\Python314\Lib\site-packages (3.0.3)
Requirement already satisfied: requests in C:\Users\dhruv\AppData\Local\Programs\Python\Python314\Lib\site-packages (2.34.2)
Requirement already satisfied: numpy>=1.16.5 in C:\Users\dhruv\AppData\Local\Programs\Python\Python314\Lib\site-packages (from yfinance) (2.4.5)
Requirement already satisfied: multitasking>=0.0.7 in C:\Users\dhruv\AppData\Local\Programs\Python\Python314\Lib\site-packages (from yfinance) (0.0.13)
Requirement already satisfied: platformdirs>=2.0.0 in C:\Users\dhruv\AppData\Local\Programs\Python\Python314\Lib\site-packages (from yfinance) (4.9.6)
Requirement already satisfied: pytz>=2022.5 in C:\Users\dhruv\AppData\Local\Programs\Python\Python314\Lib\site-packages (from yfinance) (2026.2)
Requirement already satisfied: frozendict>=2.3.4 in C:\Users\dhruv\AppData\Local\Programs\Python\Python314\Lib\site-packages (from yfinance) (2.4.7)
Requirement already satisfied: peewee>=3.16.2 in C:\Users\dhruv\AppData\Local\Programs\Python\Python314\Lib\site-packages (from yfinance) (4.0.5)
Requirement already satisfied: beautifulsoup4>=4.11.1 in C:\Users\dhruv\AppData\Local\Programs\Python\Python314\Lib\site-packages (from yfinance) (4.14.3)
Requirement already satisfied: curl_cffi>=0.15 in C:\Users\dhruv\AppData\Local\Programs\Python\Python314\Lib\site-packages (from yfinance) (0.15.0)
Requirement already satisfied: protobuf>=3.19.0 in C:\Users\dhruv\AppData\Local\Programs\Python\Python314\Lib\site-packages (from yfinance) (7.34.1)
Requirement already satisfied: websockets>=13.0 in C:\Users\dhruv\AppData\Local\Programs\Python\Python314\Lib\site-packages (from yfinance) (16.0)
Requirement already satisfied: python-dateutil>=2.8.2 in C:\Users\dhruv\AppData\Local\Programs\Python\Python314\Lib\site-packages (from pandas) (2.9.0.post0)
Requirement already satisfied: tzdata in C:\Users\dhruv\AppData\Local\Programs\Python\Python314\Lib\site-packages (from pandas) (2026.2)
Requirement already satisfied: charset_normalizer<4,>=2 in C:\Users\dhruv\AppData\Local\Programs\Python\Python314\Lib\site-packages (from requests) (3.4.7)
Requirement already satisfied: idna<4,>=2.5 in C:\Users\dhruv\AppData\Local\Programs\Python\Python314\Lib\site-packages (from requests) (3.15)
Requirement already satisfied: urllib3<3,>=1.26 in C:\Users\dhruv\AppData\Local\Programs\Python\Python314\Lib\site-packages (from requests) (2.7.0)
Requirement already satisfied: certifi>=2023.5.7 in C:\Users\dhruv\AppData\Local\Programs\Python\Python314\Lib\site-packages (from requests) (2026.4.22)
Requirement already satisfied: soupsieve>=1.6.1 in C:\Users\dhruv\AppData\Local\Programs\Python\Python314\Lib\site-packages (from beautifulsoup4>=4.11.1->yfinance) (2.8.3)
Requirement already satisfied: typing-extensions>=4.0.0 in C:\Users\dhruv\AppData\Local\Programs\Python\Python314\Lib\site-packages (from beautifulsoup4>=4.11.1->yfinance) (4.15.0)
Requirement already satisfied: cffi>=2.0.0 in C:\Users\dhruv\AppData\Local\Programs\Python\Python314\Lib\site-packages (from curl_cffi>=0.15->yfinance) (2.0.0)
Requirement already satisfied: rich in C:\Users\dhruv\AppData\Local\Programs\Python\Python314\Lib\site-packages (from curl_cffi>=0.15->yfinance) (15.0.0)
Requirement already satisfied: pycparser in C:\Users\dhruv\AppData\Local\Programs\Python\Python314\Lib\site-packages (from cffi>=2.0.0->curl_cffi>=0.15->yfinance) (3.0)
Requirement already satisfied: six>=1.5 in C:\Users\dhruv\AppData\Local\Programs\Python\Python314\Lib\site-packages (from python-dateutil>=2.8.2->pandas) (1.17.0)
Requirement already satisfied: markdown-it-py>=2.2.0 in C:\Users\dhruv\AppData\Local\Programs\Python\Python314\Lib\site-packages (from rich->curl_cffi>=0.15->yfinance) (4.2.0)
Requirement already satisfied: pygments<3.0.0,>=2.13.0 in C:\Users\dhruv\AppData\Local\Programs\Python\Python314\Lib\site-packages (from rich->curl_cffi>=0.15->yfinance) (2.20.0)
Requirement already satisfied: mdurl~=0.1 in C:\Users\dhruv\AppData\Local\Programs\Python\Python314\Lib\site-packages (from markdown-it-py>=2.2.0->rich->curl_cffi>=0.15->yfinance) (0.1.2)
 
=== Running screener (this may take ~1 minute) === 
$DUMMYVEDL4.NS: possibly delisted; no price data found  (period=1y) (Yahoo error = "No data found, symbol may be delisted")
HTTP Error 404: {"quoteSummary":{"result":null,"error":{"code":"Not Found","description":"Quote not found for symbol: DUMMYVEDL3.NS"}}}
HTTP Error 404: {"quoteSummary":{"result":null,"error":{"code":"Not Found","description":"Quote not found for symbol: DUMMYVEDL1.NS"}}}
$DUMMYVEDL2.NS: possibly delisted; no price data found  (period=1y) (Yahoo error = "No data found, symbol may be delisted")
$DUMMYVEDL3.NS: possibly delisted; no price data found  (period=1y) (Yahoo error = "No data found, symbol may be delisted")
$DUMMYVEDL1.NS: possibly delisted; no price data found  (period=1y) (Yahoo error = "No data found, symbol may be delisted")
Fetching Nifty 500 list...
Loaded 504 symbols. Starting screen...

  processed 50/504  (5s elapsed, 3 hits so far)
  processed 100/504  (7s elapsed, 6 hits so far)
  processed 150/504  (10s elapsed, 6 hits so far)
  processed 200/504  (14s elapsed, 6 hits so far)
  processed 250/504  (17s elapsed, 8 hits so far)
  processed 300/504  (19s elapsed, 9 hits so far)
  processed 350/504  (22s elapsed, 11 hits so far)
  processed 400/504  (24s elapsed, 13 hits so far)
  processed 450/504  (27s elapsed, 13 hits so far)
  processed 500/504  (29s elapsed, 13 hits so far)

==============================================================================
14 stocks match the screener
==============================================================================
        Symbol       LTP  % from 52W High  ...  Market Cap (Cr)  PE TTM    PB
1   LAURUSLABS  1,323.60             0.32  ...        71,472.60   84.74 14.88
2          MCX  3,391.00             0.93  ...        86,305.70   64.94 20.51
3    KIRLOSENG  1,740.20             1.96  ...        25,299.00   44.64  7.50
4         IDEA     12.95             2.85  ...       140,304.20     NaN -1.70
5   ANANDRATHI  3,583.10             4.07  ...        29,747.10   75.75 29.80
6      ACUTAAS  2,731.00             4.17  ...        22,359.00   78.12 13.52
7       CPPLUS  2,464.30             4.30  ...        29,029.00  113.61 17.42
8      JAINREC    566.15             4.68  ...        19,537.00   56.50 13.44
9         HFCL    147.89             4.77  ...        22,631.10  422.54  4.56
10  ATHERENERG    937.40             5.26  ...        35,900.80     NaN 13.94
11  ADANIPOWER    221.33             5.58  ...       426,828.20   33.43  6.58
12  POWERINDIA 32,535.00             7.29  ...       145,016.20  169.49 31.64
13     BELRISE    209.46             8.45  ...        18,639.40   39.08  3.44
14  NATIONALUM    403.60             9.33  ...        74,126.50   12.06  3.43

[14 rows x 8 columns]

Saved -> screener_results.csv
 
=== DONE === 
